[0.008s] Invoking command in '/home/dawit/Desktop/Robot/Wheeled_humanoid/build/description': CMAKE_PREFIX_PATH=${CMAKE_PREFIX_PATH}:/home/dawit/Desktop/Robot/myTalker/install/myTalker:/home/dawit/Desktop/Robot/simpleLidarTest/install/robot_flow:/opt/ros/humble /usr/bin/cmake /home/dawit/Desktop/Robot/Wheeled_humanoid/src/description -DCMAKE_INSTALL_PREFIX=/home/dawit/Desktop/Robot/Wheeled_humanoid/install/description
[0.048s] -- The C compiler identification is GNU 11.4.0
[0.089s] -- The CXX compiler identification is GNU 11.4.0
[0.094s] -- Detecting C compiler ABI info
[0.144s] -- Detecting C compiler ABI info - done
[0.150s] -- Check for working C compiler: /usr/bin/cc - skipped
[0.150s] -- Detecting C compile features
[0.150s] -- Detecting C compile features - done
[0.152s] -- Detecting CXX compiler ABI info
[0.209s] -- Detecting CXX compiler ABI info - done
[0.215s] -- Check for working CXX compiler: /usr/bin/c++ - skipped
[0.215s] -- Detecting CXX compile features
[0.216s] -- Detecting CXX compile features - done
[0.218s] -- Found ament_cmake: 1.3.13 (/opt/ros/humble/share/ament_cmake/cmake)
[0.327s] -- Found Python3: /usr/bin/python3 (found version "3.10.12") found components: Interpreter 
[0.397s] -- Found ament_lint_auto: 0.12.15 (/opt/ros/humble/share/ament_lint_auto/cmake)
[0.457s] -- Added test 'flake8' to check Python code syntax and style conventions
[0.458s] -- Added test 'lint_cmake' to check CMake code style
[0.458s] -- Added test 'pep257' to check Python code against some of the docstring style conventions in PEP 257
[0.459s] -- Added test 'xmllint' to check XML markup files
[0.460s] -- Configuring done
[0.462s] -- Generating done
[0.463s] -- Build files have been written to: /home/dawit/Desktop/Robot/Wheeled_humanoid/build/description
[0.467s] Invoked command in '/home/dawit/Desktop/Robot/Wheeled_humanoid/build/description' returned '0': CMAKE_PREFIX_PATH=${CMAKE_PREFIX_PATH}:/home/dawit/Desktop/Robot/myTalker/install/myTalker:/home/dawit/Desktop/Robot/simpleLidarTest/install/robot_flow:/opt/ros/humble /usr/bin/cmake /home/dawit/Desktop/Robot/Wheeled_humanoid/src/description -DCMAKE_INSTALL_PREFIX=/home/dawit/Desktop/Robot/Wheeled_humanoid/install/description
[0.468s] Invoking command in '/home/dawit/Desktop/Robot/Wheeled_humanoid/build/description': CMAKE_PREFIX_PATH=${CMAKE_PREFIX_PATH}:/home/dawit/Desktop/Robot/myTalker/install/myTalker:/home/dawit/Desktop/Robot/simpleLidarTest/install/robot_flow:/opt/ros/humble /usr/bin/cmake --build /home/dawit/Desktop/Robot/Wheeled_humanoid/build/description -- -j8 -l8
[0.494s] Invoked command in '/home/dawit/Desktop/Robot/Wheeled_humanoid/build/description' returned '0': CMAKE_PREFIX_PATH=${CMAKE_PREFIX_PATH}:/home/dawit/Desktop/Robot/myTalker/install/myTalker:/home/dawit/Desktop/Robot/simpleLidarTest/install/robot_flow:/opt/ros/humble /usr/bin/cmake --build /home/dawit/Desktop/Robot/Wheeled_humanoid/build/description -- -j8 -l8
[0.502s] Invoking command in '/home/dawit/Desktop/Robot/Wheeled_humanoid/build/description': CMAKE_PREFIX_PATH=${CMAKE_PREFIX_PATH}:/home/dawit/Desktop/Robot/myTalker/install/myTalker:/home/dawit/Desktop/Robot/simpleLidarTest/install/robot_flow:/opt/ros/humble /usr/bin/cmake --install /home/dawit/Desktop/Robot/Wheeled_humanoid/build/description
[0.508s] -- Install configuration: ""
[0.508s] -- Installing: /home/dawit/Desktop/Robot/Wheeled_humanoid/install/description/share/description/launch
[0.509s] -- Installing: /home/dawit/Desktop/Robot/Wheeled_humanoid/install/description/share/description/launch/gazebo.launch.py
[0.509s] -- Installing: /home/dawit/Desktop/Robot/Wheeled_humanoid/install/description/share/description/launch/pure_slam.launch.py
[0.509s] -- Installing: /home/dawit/Desktop/Robot/Wheeled_humanoid/install/description/share/description/launch/nav.launch.py
[0.509s] -- Installing: /home/dawit/Desktop/Robot/Wheeled_humanoid/install/description/share/description/launch/slam.launch.py
[0.509s] -- Installing: /home/dawit/Desktop/Robot/Wheeled_humanoid/install/description/share/description/urdf
[0.509s] -- Installing: /home/dawit/Desktop/Robot/Wheeled_humanoid/install/description/share/description/urdf/arms.xacro
[0.509s] -- Installing: /home/dawit/Desktop/Robot/Wheeled_humanoid/install/description/share/description/urdf/wheeled.urdf.xacro
[0.509s] -- Installing: /home/dawit/Desktop/Robot/Wheeled_humanoid/install/description/share/description/urdf/wheels.xacro
[0.510s] -- Installing: /home/dawit/Desktop/Robot/Wheeled_humanoid/install/description/share/description/urdf/torso.xacro
[0.510s] -- Installing: /home/dawit/Desktop/Robot/Wheeled_humanoid/install/description/share/description/urdf/sensors.xacro
[0.510s] -- Installing: /home/dawit/Desktop/Robot/Wheeled_humanoid/install/description/share/description/urdf/head.xacro
[0.510s] -- Installing: /home/dawit/Desktop/Robot/Wheeled_humanoid/install/description/share/description/urdf/inertial_macros.xacro
[0.510s] -- Installing: /home/dawit/Desktop/Robot/Wheeled_humanoid/install/description/share/description/urdf/base.xacro
[0.510s] -- Installing: /home/dawit/Desktop/Robot/Wheeled_humanoid/install/description/share/description/config
[0.510s] -- Installing: /home/dawit/Desktop/Robot/Wheeled_humanoid/install/description/share/description/config/slam.rviz
[0.510s] -- Installing: /home/dawit/Desktop/Robot/Wheeled_humanoid/install/description/share/description/config/nav2_params.yaml
[0.510s] -- Installing: /home/dawit/Desktop/Robot/Wheeled_humanoid/install/description/share/description/config/amcl.yaml
[0.510s] -- Installing: /home/dawit/Desktop/Robot/Wheeled_humanoid/install/description/share/description/config/slam.yaml
[0.510s] -- Installing: /home/dawit/Desktop/Robot/Wheeled_humanoid/install/description/share/description/config/nav2_mapping.yaml
[0.510s] -- Installing: /home/dawit/Desktop/Robot/Wheeled_humanoid/install/description/share/description/config/nav2.rviz
[0.510s] -- Installing: /home/dawit/Desktop/Robot/Wheeled_humanoid/install/description/share/description/config/new
[0.510s] -- Installing: /home/dawit/Desktop/Robot/Wheeled_humanoid/install/description/share/description/worlds
[0.510s] -- Installing: /home/dawit/Desktop/Robot/Wheeled_humanoid/install/description/share/description/worlds/obstacles.world
[0.510s] -- Installing: /home/dawit/Desktop/Robot/Wheeled_humanoid/install/description/share/description/worlds/Test.world
[0.510s] -- Installing: /home/dawit/Desktop/Robot/Wheeled_humanoid/install/description/share/description/worlds/empty.world
[0.510s] -- Installing: /home/dawit/Desktop/Robot/Wheeled_humanoid/install/description/share/description/maps
[0.510s] -- Installing: /home/dawit/Desktop/Robot/Wheeled_humanoid/install/description/share/description/maps/my_map.yaml
[0.511s] -- Installing: /home/dawit/Desktop/Robot/Wheeled_humanoid/install/description/share/description/maps/my_map1.pgm
[0.511s] -- Installing: /home/dawit/Desktop/Robot/Wheeled_humanoid/install/description/share/description/maps/my_map.pgm
[0.511s] -- Installing: /home/dawit/Desktop/Robot/Wheeled_humanoid/install/description/share/description/maps/my_map1.yaml
[0.511s] -- Installing: /home/dawit/Desktop/Robot/Wheeled_humanoid/install/description/share/description/src
[0.511s] -- Installing: /home/dawit/Desktop/Robot/Wheeled_humanoid/install/description/share/description/src/mission_manager.py
[0.511s] -- Installing: /home/dawit/Desktop/Robot/Wheeled_humanoid/install/description/lib/description/mission_manager.py
[0.511s] -- Installing: /home/dawit/Desktop/Robot/Wheeled_humanoid/install/description/share/ament_index/resource_index/package_run_dependencies/description
[0.511s] -- Installing: /home/dawit/Desktop/Robot/Wheeled_humanoid/install/description/share/ament_index/resource_index/parent_prefix_path/description
[0.511s] -- Installing: /home/dawit/Desktop/Robot/Wheeled_humanoid/install/description/share/description/environment/ament_prefix_path.sh
[0.511s] -- Installing: /home/dawit/Desktop/Robot/Wheeled_humanoid/install/description/share/description/environment/ament_prefix_path.dsv
[0.511s] -- Installing: /home/dawit/Desktop/Robot/Wheeled_humanoid/install/description/share/description/environment/path.sh
[0.511s] -- Installing: /home/dawit/Desktop/Robot/Wheeled_humanoid/install/description/share/description/environment/path.dsv
[0.511s] -- Installing: /home/dawit/Desktop/Robot/Wheeled_humanoid/install/description/share/description/local_setup.bash
[0.512s] -- Installing: /home/dawit/Desktop/Robot/Wheeled_humanoid/install/description/share/description/local_setup.sh
[0.512s] -- Installing: /home/dawit/Desktop/Robot/Wheeled_humanoid/install/description/share/description/local_setup.zsh
[0.512s] -- Installing: /home/dawit/Desktop/Robot/Wheeled_humanoid/install/description/share/description/local_setup.dsv
[0.512s] -- Installing: /home/dawit/Desktop/Robot/Wheeled_humanoid/install/description/share/description/package.dsv
[0.512s] -- Installing: /home/dawit/Desktop/Robot/Wheeled_humanoid/install/description/share/ament_index/resource_index/packages/description
[0.512s] -- Installing: /home/dawit/Desktop/Robot/Wheeled_humanoid/install/description/share/description/cmake/descriptionConfig.cmake
[0.512s] -- Installing: /home/dawit/Desktop/Robot/Wheeled_humanoid/install/description/share/description/cmake/descriptionConfig-version.cmake
[0.512s] -- Installing: /home/dawit/Desktop/Robot/Wheeled_humanoid/install/description/share/description/package.xml
[0.514s] Invoked command in '/home/dawit/Desktop/Robot/Wheeled_humanoid/build/description' returned '0': CMAKE_PREFIX_PATH=${CMAKE_PREFIX_PATH}:/home/dawit/Desktop/Robot/myTalker/install/myTalker:/home/dawit/Desktop/Robot/simpleLidarTest/install/robot_flow:/opt/ros/humble /usr/bin/cmake --install /home/dawit/Desktop/Robot/Wheeled_humanoid/build/description
